2021-05-12 17:31:15,526 [               Main.java:qtp575593575-19:105] - Bank account created, name: alex balance: $10
2021-05-12 17:32:41,400 [               Main.java:qtp575593575-13:105] - Bank account created, name: johnny balance: $0
2021-05-12 17:35:04,595 [               Main.java:qtp575593575-28:105] - Bank account created, name: s balance: $10
2021-05-12 21:22:42,859 [               Main.java:qtp575593575-19:124] - 1234 deposited $10 in alex
2021-05-12 21:22:50,958 [               Main.java:qtp575593575-19:141] - 1234 withdrew $100 from alex
2021-05-12 21:23:06,179 [               Main.java:qtp575593575-19:169] - 1234 posted $10.0 to alje from alex
2021-05-12 23:05:40,561 [               Main.java:qtp684874119-19:127] - 1234 deposited $100 in alex
2021-05-13 10:06:44,687 [               Main.java:qtp684874119-19:110] - Bank account created, name: alexoroAcc balance: $0
2021-05-13 10:08:50,476 [               Main.java:qtp684874119-24:128] - alexoro deposited $10 in alexoroAcc
2021-05-13 10:09:28,255 [               Main.java:qtp684874119-26:173] - alexoro posted $10.0 to 1234 from alexoroAcc
2021-05-13 10:19:37,980 [               Main.java:qtp684874119-24:346] - |ale accepted account:john's acc, username: john
2021-05-13 10:22:18,925 [               Main.java:qtp684874119-19:110] - Bank account created, name: 1234 balance: $10
2021-05-13 10:22:44,636 [               Main.java:qtp684874119-19:346] - |ale accepted account:1234, username: 1234
2021-05-13 14:49:11,597 [               Main.java:qtp684874119-13:110] - Bank account created, name: tanjiro balance: $1100
2021-05-13 14:51:14,325 [               Main.java:qtp684874119-29:437] - |ale accepted account:tanjiro, username: nezuko
2021-05-13 21:14:39,677 [               Main.java:qtp684874119-27:110] - Bank account created, name: ale balance: $10
2021-05-13 21:18:19,859 [               Main.java:qtp684874119-16:439] - |ale accepted account:ale, username: ss
2021-05-13 21:19:16,098 [               Main.java:qtp684874119-15:128] - ss deposited $10 in ale
2021-05-13 21:19:34,864 [               Main.java:qtp684874119-16:145] - ss withdrew $10 from ale
2021-05-13 21:19:57,505 [               Main.java:qtp684874119-15:173] - ss posted $1.0 to 1234 from ale
2021-05-13 21:21:01,802 [               Main.java:qtp684874119-15:189] - 1234 accepted transfer from ale
2021-05-14 08:15:17,370 [               Main.java:qtp684874119-24:110] - Bank account created, name: aleAcc balance: $100
2021-05-14 08:16:59,959 [               Main.java:qtp684874119-26:439] - |ale accepted account:aleAcc, username: aleAcc
2021-05-14 08:17:48,145 [               Main.java:qtp684874119-19:128] - aleAcc deposited $10 in aleAcc
2021-05-14 08:29:30,128 [               Main.java:qtp684874119-19:174] - aleAcc posted $10.0 to 1234 from aleAcc
2021-05-14 08:44:05,755 [               Main.java:qtp684874119-27:190] - 1234 accepted transfer from aleAcc
2021-05-14 08:54:19,378 [               Main.java:qtp684874119-13:142] - 1234 withdrew $1400 from alex
2021-05-14 10:25:10,884 [               Main.java:qtp684874119-15:142] - 1234 withdrew $1 from alex
2021-05-14 10:31:35,377 [               Main.java:qtp684874119-29:169] - 1234 posted $8.0 to aleAcc from alex
2021-05-14 10:36:10,268 [               Main.java:qtp684874119-32:185] - aleAcc accepted transfer from alex
2021-05-14 10:51:01,622 [               Main.java:qtp684874119-32:109] - Bank account created, name: alexx balance: $1
2021-05-14 10:51:12,111 [               Main.java:qtp684874119-32:109] - Bank account created, name: alexx1 balance: $12
2021-05-14 10:52:18,551 [               Main.java:qtp684874119-19:426] - |ale accepted account:alexx, username: 1234
2021-05-14 10:54:31,427 [               Main.java:qtp684874119-39:109] - Bank account created, name: ale123 balance: $1
2021-05-14 11:09:33,045 [               Main.java:qtp684874119-46:109] - Bank account created, name: john balance: $10
2021-05-14 11:11:16,271 [               Main.java:qtp684874119-46:426] - |ale accepted account:john, username: 12345
2021-05-14 13:29:57,225 [               Main.java:qtp684874119-24:124] - 1234 deposited $10 in 1234
2021-05-14 13:30:14,160 [               Main.java:qtp684874119-24:141] - 1234 withdrew $10 from 1234
2021-05-14 13:30:33,252 [               Main.java:qtp684874119-24:108] - Bank account created, name: 1234Acc balance: $10
2021-05-14 13:31:33,777 [               Main.java:qtp684874119-19:425] - |ale accepted account:1234Acc, username: 1234
2021-05-14 13:32:35,794 [               Main.java:qtp684874119-19:124] - 1234 deposited $10 in 1234Acc
2021-05-14 14:53:52,616 [               Main.java:qtp684874119-28:108] - Bank account created, name: testAcc balance: $10
2021-05-14 14:54:31,616 [               Main.java:qtp684874119-28:425] - |ale accepted account:testAcc, username: 1234
2021-05-14 14:55:58,666 [               Main.java:qtp684874119-29:168] - 1234 posted $5.0 to 1234 from testAcc
2021-05-14 14:56:28,706 [               Main.java:qtp684874119-18:184] - 1234 accepted transfer from testAcc
2021-05-14 15:01:12,093 [               Main.java:qtp684874119-32:168] - 1234 posted $10.0 to 1234 from 1234
2021-05-14 15:01:43,603 [               Main.java:qtp684874119-18:184] - 1234 accepted transfer from 1234
2021-05-14 15:04:32,100 [               Main.java:qtp684874119-18:168] - 1234 posted $10.0 to 1234 from 1234
2021-05-14 15:05:20,066 [               Main.java:qtp684874119-26:184] - 1234 accepted transfer from 1234
2021-05-14 15:34:01,812 [               Main.java:qtp684874119-31:108] - Bank account created, name: test1 balance: $10
2021-05-14 15:35:43,721 [               Main.java:qtp684874119-31:425] - |bob accepted account:test1, username: test
2021-05-14 15:37:31,885 [               Main.java:qtp684874119-31:124] - test deposited $10 in test1
2021-05-14 15:37:43,454 [               Main.java:qtp684874119-24:141] - test withdrew $10 from test1
2021-05-14 15:38:15,484 [               Main.java:qtp684874119-31:168] - test posted $10.0 to 1234 from test1
2021-05-14 15:39:05,292 [               Main.java:qtp684874119-31:184] - 1234 accepted transfer from test1
2021-05-14 15:42:12,772 [               Main.java:qtp684874119-19:108] - Bank account created, name: test2 balance: $10
